<?xml version="1.0" encoding="UTF-8"?>
<testsuite xmlns:xsi="http://www.w3.org/2001/XMLSchema-instance" xsi:noNamespaceSchemaLocation="https://maven.apache.org/surefire/maven-surefire-plugin/xsd/surefire-test-report.xsd" name="Test_Gender_Selection" time="13.857" tests="3" errors="0" skipped="0" failures="0">
  <properties>
[...]
</properties>
  <testcase name="check_male_radio_button" classname="Test_Gender_Selection" time="4.755"/>
  <testcase name="check_other_radio_button" classname="Test_Gender_Selection" time="4.212"/>
  <testcase name="check_female_radio_button" classname="Test_Gender_Selection" time="4.131"/>
</testsuite>